# stats: dump at 1637737117
stats: users 2 3
stats: {freemem,"tsung_controller@ip-172-31-59-233"} 1 673.125 0 673.125 673.125 0 0
stats: {load,"tsung_controller@ip-172-31-59-233"} 1 0.0 0 0.0 0.0 0 0
stats: {cpu,"tsung_controller@ip-172-31-59-233"} 1 0.59811886399524 0 0.59811886399524 0.59811886399524 0 0
stats: session 3 511.3619999999999 7.920080428884557 521.707 502.471 0 0
stats: users_count 5 5
stats: finish_users_count 3 3
stats: request 26 74.19046153846153 90.51015183572196 322.117 6.151 0 0
stats: connect 5 2.5176000000000003 2.2940070270162645 7.102 1.288 0 0
stats: 302 9 9
stats: page 11 175.65927272727274 102.44732526886098 342.522 73.731 0 0
stats: 200 17 17
stats: size_rcv 102139 102139
stats: size_sent 15274 15274
stats: connected 2 2
# stats: dump at 1637737127
stats: users 6 11
stats: {freemem,"tsung_controller@ip-172-31-59-233"} 1 673.9609375 0.0 673.9609375 673.125 673.125 1
stats: {load,"tsung_controller@ip-172-31-59-233"} 1 0.0 0.0 0.0 0.0 0.0 1
stats: {cpu,"tsung_controller@ip-172-31-59-233"} 1 0.4985044865403789 0.0 0.59811886399524 0.4985044865403789 0.59811886399524 1
stats: session 16 1303.84125 1625.416631048156 6424.545 451.052 511.3619999999999 3
stats: users_count 20 25
stats: finish_users_count 16 19
stats: request 119 106.1832184873949 124.87076621873153 484.736 5.641 74.19046153846153 26
stats: connect 20 1.3432499999999998 0.10206805327819272 7.102 1.225 2.5176000000000003 5
stats: page 51 247.91180392156858 177.07317357533296 843.196 7.483 175.65927272727274 11
stats: 302 41 50
stats: 200 78 95
stats: size_rcv 470669 572808
stats: newphase 2 2
stats: size_sent 71646 86920
stats: connected 4 6
# stats: dump at 1637737137
stats: users 91 91
stats: {freemem,"tsung_controller@ip-172-31-59-233"} 1 668.19921875 0.0 673.9609375 668.19921875 673.54296875 2
stats: {load,"tsung_controller@ip-172-31-59-233"} 1 0.0 0.0 0.0 0.0 0.0 2
stats: {cpu,"tsung_controller@ip-172-31-59-233"} 1 0.8982035928143712 0.0 0.8982035928143712 0.4985044865403789 0.5483116752678094 2
stats: session 30 2602.736066666667 2693.6616819298215 11262.611 451.052 1178.712947368421 19
stats: users_count 115 140
stats: finish_users_count 30 49
stats: request 267 350.6682771535581 493.106090829698 2524.852 4.627 100.4465862068965 145
stats: connect 109 1.3903761467889908 0.5447937205614015 7.102 1.02 1.5781199999999997 25
stats: page 109 597.8192477064223 494.3009714072672 3018.36 7.483 235.09280645161286 62
stats: 302 71 121
stats: 200 196 291
stats: size_rcv 1182163 1754971
stats: newphase 2 4
stats: size_sent 163339 250259
stats: connected 79 85
# stats: dump at 1637737147
stats: users 209 216
stats: {freemem,"tsung_controller@ip-172-31-59-233"} 1 650.81640625 0.0 673.9609375 650.81640625 671.76171875 3
stats: {load,"tsung_controller@ip-172-31-59-233"} 1 0.0 0.0 0.0 0.0 0.0 3
stats: {cpu,"tsung_controller@ip-172-31-59-233"} 1 1.9335647000495786 0.0 1.9335647000495786 0.4985044865403789 0.6649423144499967 3
stats: session 42 4013.1896904761907 4977.857723610852 14619.416 9.546 2050.563836734694 49
stats: users_count 160 300
stats: finish_users_count 42 91
stats: connect 166 1.9718493975903622 1.6589159314686082 13.157 0.949 1.4254029850746268 134
stats: 302 34 155
stats: request 486 2020.8603559670782 2174.6465978147303 6185.769 0.658 262.60481796116505 412
stats: 200 220 511
stats: page 168 2375.998910714285 3059.9049750229574 10011.297 0.83 466.30439766081884 171
stats: size_rcv 1369531 3124502
stats: newphase 1 5
stats: 502 231 231
stats: 422 1 1
stats: size_sent 205020 455279
stats: connected 124 209
# stats: dump at 1637737157
stats: users 196 216
stats: {freemem,"tsung_controller@ip-172-31-59-233"} 1 623.58203125 0.0 673.9609375 623.58203125 666.525390625 4
stats: {load,"tsung_controller@ip-172-31-59-233"} 1 0.0 0.0 0.0 0.0 0.0 4
stats: {cpu,"tsung_controller@ip-172-31-59-233"} 1 4.413928396272683 0.0 4.413928396272683 0.4985044865403789 0.9820979108498922 4
stats: session 13 16729.768692307694 5238.725449508032 24522.08 9.546 2956.3911538461543 91
stats: users_count 0 300
stats: finish_users_count 13 104
stats: connect 0 0 0 13.157 0.949 1.7277700000000005 300
stats: page 134 10618.748067164168 3836.283695504717 19613.499 0.83 1412.7016784660766 339
stats: 302 59 214
stats: request 282 6077.669971631204 2057.3233720158855 9250.654 0.658 1214.1774142538975 898
stats: 200 212 723
stats: size_rcv 1201956 4326458
stats: newphase 0 5
stats: 502 10 241
stats: 422 2 3
stats: size_sent 177382 632661
stats: connected -12 197
# stats: dump at 1637737167
stats: users 97 216
stats: {freemem,"tsung_controller@ip-172-31-59-233"} 1 600.4453125 0.0 673.9609375 600.4453125 657.93671875 5
stats: {load,"tsung_controller@ip-172-31-59-233"} 1 0.0 0.0 0.0 0.0 0.0 5
stats: {cpu,"tsung_controller@ip-172-31-59-233"} 1 1.8914883026381284 0.0 4.413928396272683 0.4985044865403789 1.6684640079344504 5
stats: session 99 26806.588121212124 3262.35067922025 32073.01 9.546 4678.063346153846 104
stats: users_count 0 300
stats: finish_users_count 99 203
stats: request 488 4496.119096311474 2754.7490516782236 9790.211 0.658 2376.46970338983 1180
stats: connect 0 0 0 13.157 0.949 1.7277700000000005 300
stats: page 233 12663.520678111588 6344.978243612606 22060.918 0.83 4020.7571035940773 473
stats: 302 196 410
stats: 200 291 1014
stats: size_rcv 1912736 6239194
stats: newphase 0 5
stats: 502 0 241
stats: 422 0 3
stats: size_sent 303776 936437
stats: connected -91 106
# stats: dump at 1637737177
stats: users 1 216
stats: {freemem,"tsung_controller@ip-172-31-59-233"} 1 596.27734375 0.0 673.9609375 596.27734375 648.3548177083334 6
stats: {load,"tsung_controller@ip-172-31-59-233"} 1 0.0 0.0 0.0 0.0 0.0 6
stats: {cpu,"tsung_controller@ip-172-31-59-233"} 1 2.2332506203473943 0.0 4.413928396272683 0.4985044865403789 1.7056347237183969 6
stats: session 96 28381.688052083326 2026.9769663239347 37842.972 9.546 15469.806955665026 203
stats: users_count 0 300
stats: finish_users_count 96 299
stats: request 138 1672.370666666666 729.8510817451725 9790.211 0.658 2996.606935851318 1668
stats: page 105 3589.1643428571438 1771.4157805972193 22060.918 0.83 6873.113920679884 706
stats: connect 0 0 0 13.157 0.949 1.7277700000000005 300
stats: 302 81 491
stats: 200 57 1071
stats: size_rcv 423649 6662843
stats: newphase 0 5
stats: 502 0 241
stats: 422 0 3
stats: size_sent 31162 967599
stats: connected -105 1
# stats: dump at 1637737179
stats: users 0 216
stats: {freemem,"tsung_controller@ip-172-31-59-233"} 1 664.0546875 0.0 673.9609375 596.27734375 640.9151785714286 7
stats: {load,"tsung_controller@ip-172-31-59-233"} 1 0.0 0.0 0.0 0.0 0.0 7
stats: {cpu,"tsung_controller@ip-172-31-59-233"} 1 0.4491017964071856 0.0 4.413928396272683 0.4491017964071856 1.781008423236825 7
stats: session 1 36778.618 0.0 37842.972 9.546 19615.42764214047 299
stats: users_count 0 300
stats: finish_users_count 1 300
stats: connect 0 0 0 13.157 0.949 1.7277700000000005 300
stats: request 1 53.474 0.0 9790.211 0.658 2895.419446843853 1806
stats: page 1 53.474 0.0 22060.918 0.83 6447.941657213315 811
stats: 302 0 491
stats: 200 1 1072
stats: size_rcv 7547 6670390
stats: newphase 0 5
stats: 502 0 241
stats: 422 0 3
stats: size_sent 488 968087
stats: connected -1 0
EndMonitor:{1637,737179,92673}
