
=INFO REPORT==== 24-Nov-2021::06:58:27 ===
    ts_config_server:(5:<0.127.0>) Config server started, logdir is "/home/ec2-user/.tsung/log/20211124-0658"
 
=INFO REPORT==== 24-Nov-2021::06:58:27 ===
              ts_mon:(5:<0.110.0>) starting monitor, global 

=INFO REPORT==== 24-Nov-2021::06:58:27 ===
           ts_config:(5:<0.127.0>) Reading config file: tsung_RedCup.xml

=INFO REPORT==== 24-Nov-2021::06:58:27 ===
           ts_config:(5:<0.127.0>) Session name for id 1 is "guest"

=INFO REPORT==== 24-Nov-2021::06:58:27 ===
           ts_config:(5:<0.127.0>) Session name for id 2 is "new_user"

=INFO REPORT==== 24-Nov-2021::06:58:27 ===
           ts_config:(5:<0.127.0>) Session name for id 3 is "old_user"

=INFO REPORT==== 24-Nov-2021::06:58:27 ===
    ts_config_server:(4:<0.127.0>) SYSINFO:Tsung version: 1.7.0

=INFO REPORT==== 24-Nov-2021::06:58:27 ===
    ts_config_server:(4:<0.127.0>) SYSINFO:Erlang version: Erlang/OTP 22 [erts-10.6] [source] [64-bit] [smp:2:2] [ds:2:2:10] [async-threads:8] [hipe]


=INFO REPORT==== 24-Nov-2021::06:58:27 ===
    ts_config_server:(4:<0.127.0>) SYSINFO:System architecture x86_64-redhat-linux-gnu

=INFO REPORT==== 24-Nov-2021::06:58:27 ===
    ts_config_server:(4:<0.127.0>) SYSINFO:Current path: /usr/lib/tsung/tsung-1.7.0/ebin/tsung.beam

=INFO REPORT==== 24-Nov-2021::06:58:27 ===
              ts_mon:(5:<0.128.0>) Activate clients with text backend

=INFO REPORT==== 24-Nov-2021::06:58:27 ===
              ts_mon:(5:<0.128.0>) Starting tsung clients on hosts: [localhost]

=INFO REPORT==== 24-Nov-2021::06:58:27 ===
    ts_config_server:(5:<0.127.0>) Start a launcher on the controller beam localhost

=INFO REPORT==== 24-Nov-2021::06:58:27 ===
  ts_launcher_static:(5:<0.181.0>) Launch msg receive ("localhost")

=INFO REPORT==== 24-Nov-2021::06:58:27 ===
         ts_launcher:(5:<0.182.0>) Launch msg receive ("localhost")

=INFO REPORT==== 24-Nov-2021::06:58:27 ===
    ts_config_server:(5:<0.127.0>) New arrival phase 1 for client "localhost" (last ? true): will start 5 users

=INFO REPORT==== 24-Nov-2021::06:58:27 ===
    ts_config_server:(5:<0.127.0>) New arrival phase 2 for client "localhost" (last ? true): will start 10 users

=INFO REPORT==== 24-Nov-2021::06:58:27 ===
    ts_config_server:(5:<0.127.0>) New arrival phase 3 for client "localhost" (last ? true): will start 20 users

=INFO REPORT==== 24-Nov-2021::06:58:27 ===
    ts_config_server:(5:<0.127.0>) New arrival phase 4 for client "localhost" (last ? true): will start 40 users

=INFO REPORT==== 24-Nov-2021::06:58:27 ===
    ts_config_server:(5:<0.127.0>) New arrival phase 5 for client "localhost" (last ? true): will start 80 users

=INFO REPORT==== 24-Nov-2021::06:58:27 ===
    ts_config_server:(5:<0.127.0>) New arrival phase 6 for client "localhost" (last ? true): will start 160 users

=INFO REPORT==== 24-Nov-2021::06:58:27 ===
         ts_launcher:(5:<0.182.0>) Expected duration of first phase: 5.0 sec (5 users) 

=INFO REPORT==== 24-Nov-2021::06:58:27 ===
         ts_launcher:(5:<0.182.0>) Activate launcher (5 users) in 5742 msec 

=INFO REPORT==== 24-Nov-2021::06:58:36 ===
         ts_launcher:(4:<0.182.0>) Need to wait 0.892 sec before changing phase, going to sleep

=INFO REPORT==== 24-Nov-2021::06:58:37 ===
         ts_launcher:(5:<0.182.0>) Waking up

=INFO REPORT==== 24-Nov-2021::06:58:37 ===
         ts_launcher:(5:<0.182.0>) Start a new arrival phase (10 users, 0.002); expected duration=5.0 sec

=INFO REPORT==== 24-Nov-2021::06:58:43 ===
         ts_launcher:(5:<0.182.0>) Phase duration exceeded, but not all users were launched (4 users, 40.0% of phase)

=INFO REPORT==== 24-Nov-2021::06:58:43 ===
         ts_launcher:(5:<0.182.0>) Start a new arrival phase (20 users, 0.004); expected duration=5.0 sec

=INFO REPORT==== 24-Nov-2021::06:58:48 ===
         ts_launcher:(5:<0.182.0>) Phase duration exceeded, but not all users were launched (4 users, 20.0% of phase)

=INFO REPORT==== 24-Nov-2021::06:58:48 ===
         ts_launcher:(5:<0.182.0>) Start a new arrival phase (40 users, 0.008); expected duration=5.0 sec

=INFO REPORT==== 24-Nov-2021::06:58:53 ===
         ts_launcher:(5:<0.182.0>) Phase duration exceeded, but not all users were launched (7 users, 17.5% of phase)

=INFO REPORT==== 24-Nov-2021::06:58:53 ===
         ts_launcher:(5:<0.182.0>) Start a new arrival phase (80 users, 0.016); expected duration=5.0 sec

=INFO REPORT==== 24-Nov-2021::06:58:57 ===
         ts_launcher:(4:<0.182.0>) Need to wait 1.013 sec before changing phase, going to sleep

=INFO REPORT==== 24-Nov-2021::06:58:58 ===
         ts_launcher:(5:<0.182.0>) Waking up

=INFO REPORT==== 24-Nov-2021::06:58:58 ===
         ts_launcher:(5:<0.182.0>) Start a new arrival phase (160 users, 0.032); expected duration=5.0 sec

=INFO REPORT==== 24-Nov-2021::06:59:02 ===
           ts_search:(5:<0.447.0>) Dyn Var (RE): no Match (varname=authenticity_token), 

=INFO REPORT==== 24-Nov-2021::06:59:02 ===
           ts_search:(5:<0.447.0>) Dyn Var (RE): no Match (varname=authenticity_token), 

=INFO REPORT==== 24-Nov-2021::06:59:02 ===
           ts_search:(5:<0.447.0>) Dyn Var (RE): no Match (varname=authenticity_token), 

=INFO REPORT==== 24-Nov-2021::06:59:02 ===
           ts_search:(5:<0.450.0>) Dyn Var (RE): no Match (varname=authenticity_token), 

=INFO REPORT==== 24-Nov-2021::06:59:02 ===
           ts_search:(5:<0.450.0>) Dyn Var (RE): no Match (varname=authenticity_token), 

=INFO REPORT==== 24-Nov-2021::06:59:02 ===
           ts_search:(5:<0.333.0>) Dyn Var (RE): no Match (varname=authenticity_token), 

=INFO REPORT==== 24-Nov-2021::06:59:02 ===
           ts_search:(5:<0.333.0>) Dyn Var (RE): no Match (varname=authenticity_token), 

=INFO REPORT==== 24-Nov-2021::06:59:02 ===
           ts_search:(5:<0.333.0>) Dyn Var (RE): no Match (varname=authenticity_token), 

=INFO REPORT==== 24-Nov-2021::06:59:02 ===
           ts_search:(5:<0.452.0>) Dyn Var (RE): no Match (varname=authenticity_token), 

=INFO REPORT==== 24-Nov-2021::06:59:02 ===
           ts_search:(5:<0.452.0>) Dyn Var (RE): no Match (varname=authenticity_token), 

=INFO REPORT==== 24-Nov-2021::06:59:02 ===
           ts_search:(5:<0.452.0>) Dyn Var (RE): no Match (varname=authenticity_token), 

=INFO REPORT==== 24-Nov-2021::06:59:02 ===
           ts_search:(5:<0.453.0>) Dyn Var (RE): no Match (varname=authenticity_token), 

=INFO REPORT==== 24-Nov-2021::06:59:02 ===
           ts_search:(5:<0.453.0>) Dyn Var (RE): no Match (varname=authenticity_token), 

=INFO REPORT==== 24-Nov-2021::06:59:02 ===
           ts_search:(5:<0.453.0>) Dyn Var (RE): no Match (varname=authenticity_token), 

=INFO REPORT==== 24-Nov-2021::06:59:02 ===
           ts_search:(5:<0.454.0>) Dyn Var (RE): no Match (varname=authenticity_token), 

=INFO REPORT==== 24-Nov-2021::06:59:02 ===
           ts_search:(5:<0.454.0>) Dyn Var (RE): no Match (varname=authenticity_token), 

=INFO REPORT==== 24-Nov-2021::06:59:02 ===
           ts_search:(5:<0.454.0>) Dyn Var (RE): no Match (varname=authenticity_token), 

=INFO REPORT==== 24-Nov-2021::06:59:02 ===
           ts_search:(5:<0.455.0>) Dyn Var (RE): no Match (varname=authenticity_token), 

=INFO REPORT==== 24-Nov-2021::06:59:02 ===
           ts_search:(5:<0.455.0>) Dyn Var (RE): no Match (varname=authenticity_token), 

=INFO REPORT==== 24-Nov-2021::06:59:02 ===
           ts_search:(5:<0.455.0>) Dyn Var (RE): no Match (varname=authenticity_token), 

=INFO REPORT==== 24-Nov-2021::06:59:02 ===
           ts_search:(5:<0.458.0>) Dyn Var (RE): no Match (varname=authenticity_token), 

=INFO REPORT==== 24-Nov-2021::06:59:02 ===
           ts_search:(5:<0.458.0>) Dyn Var (RE): no Match (varname=authenticity_token), 

=INFO REPORT==== 24-Nov-2021::06:59:02 ===
           ts_search:(5:<0.458.0>) Dyn Var (RE): no Match (varname=authenticity_token), 

=INFO REPORT==== 24-Nov-2021::06:59:02 ===
           ts_search:(5:<0.459.0>) Dyn Var (RE): no Match (varname=authenticity_token), 

=INFO REPORT==== 24-Nov-2021::06:59:02 ===
           ts_search:(5:<0.459.0>) Dyn Var (RE): no Match (varname=authenticity_token), 

=INFO REPORT==== 24-Nov-2021::06:59:02 ===
           ts_search:(5:<0.459.0>) Dyn Var (RE): no Match (varname=authenticity_token), 

=INFO REPORT==== 24-Nov-2021::06:59:02 ===
           ts_search:(5:<0.461.0>) Dyn Var (RE): no Match (varname=authenticity_token), 

=INFO REPORT==== 24-Nov-2021::06:59:02 ===
           ts_search:(5:<0.461.0>) Dyn Var (RE): no Match (varname=authenticity_token), 

=INFO REPORT==== 24-Nov-2021::06:59:02 ===
           ts_search:(5:<0.461.0>) Dyn Var (RE): no Match (varname=authenticity_token), 

=INFO REPORT==== 24-Nov-2021::06:59:02 ===
           ts_search:(5:<0.462.0>) Dyn Var (RE): no Match (varname=authenticity_token), 

=INFO REPORT==== 24-Nov-2021::06:59:02 ===
           ts_search:(5:<0.462.0>) Dyn Var (RE): no Match (varname=authenticity_token), 

=INFO REPORT==== 24-Nov-2021::06:59:02 ===
           ts_search:(5:<0.462.0>) Dyn Var (RE): no Match (varname=authenticity_token), 

=INFO REPORT==== 24-Nov-2021::06:59:02 ===
           ts_search:(5:<0.464.0>) Dyn Var (RE): no Match (varname=authenticity_token), 

=INFO REPORT==== 24-Nov-2021::06:59:02 ===
           ts_search:(5:<0.464.0>) Dyn Var (RE): no Match (varname=authenticity_token), 

=INFO REPORT==== 24-Nov-2021::06:59:02 ===
           ts_search:(5:<0.465.0>) Dyn Var (RE): no Match (varname=authenticity_token), 

=INFO REPORT==== 24-Nov-2021::06:59:02 ===
           ts_search:(5:<0.464.0>) Dyn Var (RE): no Match (varname=authenticity_token), 

=INFO REPORT==== 24-Nov-2021::06:59:02 ===
           ts_search:(5:<0.465.0>) Dyn Var (RE): no Match (varname=authenticity_token), 

=INFO REPORT==== 24-Nov-2021::06:59:02 ===
           ts_search:(5:<0.465.0>) Dyn Var (RE): no Match (varname=authenticity_token), 

=INFO REPORT==== 24-Nov-2021::06:59:02 ===
           ts_search:(5:<0.466.0>) Dyn Var (RE): no Match (varname=authenticity_token), 

=INFO REPORT==== 24-Nov-2021::06:59:02 ===
           ts_search:(5:<0.466.0>) Dyn Var (RE): no Match (varname=authenticity_token), 

=INFO REPORT==== 24-Nov-2021::06:59:02 ===
           ts_search:(5:<0.319.0>) Dyn Var (RE): no Match (varname=authenticity_token), 

=INFO REPORT==== 24-Nov-2021::06:59:02 ===
           ts_search:(5:<0.319.0>) Dyn Var (RE): no Match (varname=authenticity_token), 

=INFO REPORT==== 24-Nov-2021::06:59:02 ===
           ts_search:(5:<0.467.0>) Dyn Var (RE): no Match (varname=authenticity_token), 

=INFO REPORT==== 24-Nov-2021::06:59:02 ===
           ts_search:(5:<0.467.0>) Dyn Var (RE): no Match (varname=authenticity_token), 

=INFO REPORT==== 24-Nov-2021::06:59:02 ===
           ts_search:(5:<0.467.0>) Dyn Var (RE): no Match (varname=authenticity_token), 

=INFO REPORT==== 24-Nov-2021::06:59:02 ===
           ts_search:(5:<0.470.0>) Dyn Var (RE): no Match (varname=authenticity_token), 

=INFO REPORT==== 24-Nov-2021::06:59:02 ===
           ts_search:(5:<0.470.0>) Dyn Var (RE): no Match (varname=authenticity_token), 

=INFO REPORT==== 24-Nov-2021::06:59:02 ===
           ts_search:(5:<0.470.0>) Dyn Var (RE): no Match (varname=authenticity_token), 

=INFO REPORT==== 24-Nov-2021::06:59:02 ===
           ts_search:(5:<0.473.0>) Dyn Var (RE): no Match (varname=authenticity_token), 

=INFO REPORT==== 24-Nov-2021::06:59:02 ===
           ts_search:(5:<0.473.0>) Dyn Var (RE): no Match (varname=authenticity_token), 

=INFO REPORT==== 24-Nov-2021::06:59:02 ===
           ts_search:(5:<0.473.0>) Dyn Var (RE): no Match (varname=authenticity_token), 

=INFO REPORT==== 24-Nov-2021::06:59:03 ===
           ts_search:(5:<0.474.0>) Dyn Var (RE): no Match (varname=authenticity_token), 

=INFO REPORT==== 24-Nov-2021::06:59:03 ===
           ts_search:(5:<0.474.0>) Dyn Var (RE): no Match (varname=authenticity_token), 

=INFO REPORT==== 24-Nov-2021::06:59:03 ===
           ts_search:(5:<0.474.0>) Dyn Var (RE): no Match (varname=authenticity_token), 

=INFO REPORT==== 24-Nov-2021::06:59:03 ===
           ts_search:(5:<0.476.0>) Dyn Var (RE): no Match (varname=authenticity_token), 

=INFO REPORT==== 24-Nov-2021::06:59:03 ===
           ts_search:(5:<0.476.0>) Dyn Var (RE): no Match (varname=authenticity_token), 

=INFO REPORT==== 24-Nov-2021::06:59:03 ===
           ts_search:(5:<0.476.0>) Dyn Var (RE): no Match (varname=authenticity_token), 

=INFO REPORT==== 24-Nov-2021::06:59:03 ===
           ts_search:(5:<0.477.0>) Dyn Var (RE): no Match (varname=authenticity_token), 

=INFO REPORT==== 24-Nov-2021::06:59:03 ===
           ts_search:(5:<0.477.0>) Dyn Var (RE): no Match (varname=authenticity_token), 

=INFO REPORT==== 24-Nov-2021::06:59:03 ===
           ts_search:(5:<0.477.0>) Dyn Var (RE): no Match (varname=authenticity_token), 

=INFO REPORT==== 24-Nov-2021::06:59:03 ===
           ts_search:(5:<0.479.0>) Dyn Var (RE): no Match (varname=authenticity_token), 

=INFO REPORT==== 24-Nov-2021::06:59:03 ===
           ts_search:(5:<0.479.0>) Dyn Var (RE): no Match (varname=authenticity_token), 

=INFO REPORT==== 24-Nov-2021::06:59:03 ===
           ts_search:(5:<0.479.0>) Dyn Var (RE): no Match (varname=authenticity_token), 

=INFO REPORT==== 24-Nov-2021::06:59:03 ===
           ts_search:(5:<0.318.0>) Dyn Var (RE): no Match (varname=authenticity_token), 

=INFO REPORT==== 24-Nov-2021::06:59:03 ===
           ts_search:(5:<0.318.0>) Dyn Var (RE): no Match (varname=authenticity_token), 

=INFO REPORT==== 24-Nov-2021::06:59:03 ===
           ts_search:(5:<0.488.0>) Dyn Var (RE): no Match (varname=authenticity_token), 

=INFO REPORT==== 24-Nov-2021::06:59:03 ===
           ts_search:(5:<0.488.0>) Dyn Var (RE): no Match (varname=authenticity_token), 

=INFO REPORT==== 24-Nov-2021::06:59:03 ===
           ts_search:(5:<0.488.0>) Dyn Var (RE): no Match (varname=authenticity_token), 

=INFO REPORT==== 24-Nov-2021::06:59:03 ===
           ts_search:(5:<0.490.0>) Dyn Var (RE): no Match (varname=authenticity_token), 

=INFO REPORT==== 24-Nov-2021::06:59:03 ===
           ts_search:(5:<0.491.0>) Dyn Var (RE): no Match (varname=authenticity_token), 

=INFO REPORT==== 24-Nov-2021::06:59:03 ===
           ts_search:(5:<0.491.0>) Dyn Var (RE): no Match (varname=authenticity_token), 

=INFO REPORT==== 24-Nov-2021::06:59:03 ===
           ts_search:(5:<0.491.0>) Dyn Var (RE): no Match (varname=authenticity_token), 

=INFO REPORT==== 24-Nov-2021::06:59:03 ===
           ts_search:(5:<0.294.0>) Dyn Var (RE): no Match (varname=authenticity_token), 

=INFO REPORT==== 24-Nov-2021::06:59:03 ===
           ts_search:(5:<0.294.0>) Dyn Var (RE): no Match (varname=authenticity_token), 

=INFO REPORT==== 24-Nov-2021::06:59:03 ===
           ts_search:(5:<0.494.0>) Dyn Var (RE): no Match (varname=authenticity_token), 

=INFO REPORT==== 24-Nov-2021::06:59:03 ===
           ts_search:(5:<0.494.0>) Dyn Var (RE): no Match (varname=authenticity_token), 

=INFO REPORT==== 24-Nov-2021::06:59:03 ===
           ts_search:(5:<0.494.0>) Dyn Var (RE): no Match (varname=authenticity_token), 

=INFO REPORT==== 24-Nov-2021::06:59:03 ===
         ts_launcher:(5:<0.182.0>) This was the last phase, wait for connected users to finish their session

=INFO REPORT==== 24-Nov-2021::06:59:04 ===
           ts_search:(5:<0.495.0>) Dyn Var (RE): no Match (varname=authenticity_token), 

=INFO REPORT==== 24-Nov-2021::06:59:04 ===
           ts_search:(5:<0.263.0>) Dyn Var (RE): no Match (varname=authenticity_token), 

=INFO REPORT==== 24-Nov-2021::06:59:08 ===
           ts_search:(5:<0.414.0>) Dyn Var (RE): no Match (varname=authenticity_token), 

=INFO REPORT==== 24-Nov-2021::06:59:08 ===
           ts_search:(5:<0.414.0>) Dyn Var (RE): no Match (varname=authenticity_token), 

=INFO REPORT==== 24-Nov-2021::06:59:08 ===
           ts_search:(5:<0.352.0>) Dyn Var (RE): no Match (varname=authenticity_token), 

=INFO REPORT==== 24-Nov-2021::06:59:08 ===
           ts_search:(5:<0.352.0>) Dyn Var (RE): no Match (varname=authenticity_token), 

=INFO REPORT==== 24-Nov-2021::06:59:38 ===
     ts_launcher_mgr:(5:<0.175.0>) No more active users 'tsung_controller@ip-172-31-59-233' "32107"
